<?xml version="1.0" encoding="UTF-8"?>
<!-- Generated by org.testng.reporters.JUnitReportReporter -->
<testsuite hostname="IT-PC" failures="0" tests="1" name="util.ReadExcelData2" time="0.416" errors="0" timestamp="05 Oct 2019 18:12:50 GMT" skipped="0">
  <testcase classname="util.ReadExcelData2" name="getData" time="0.416"/>
</testsuite> <!-- util.ReadExcelData2 -->
