<?xml version="1.0" encoding="UTF-8"?>
<!-- Generated by org.testng.reporters.JUnitReportReporter -->
<testsuite hostname="IT-PC" failures="0" tests="1" name="Profile.NaukriLogin" time="1.815" errors="0" timestamp="08 Oct 2019 12:11:17 GMT" skipped="0">
  <testcase classname="Profile.NaukriLogin" name="verifyLoginTest" time="1.815"/>
</testsuite> <!-- Profile.NaukriLogin -->
