<?xml version="1.0" encoding="UTF-8"?>
<!-- Generated by org.testng.reporters.JUnitReportReporter -->
<testsuite hostname="IT-PC" failures="0" tests="1" name="util.RealExcelData" time="0.413" errors="0" timestamp="05 Oct 2019 17:58:33 GMT" skipped="0">
  <testcase classname="util.RealExcelData" name="getData" time="0.413"/>
</testsuite> <!-- util.RealExcelData -->
